{
  "RSpec": {
    "coverage": {
      "/home/lewis/Repositories/Makers_Week_2/oyster_card/spec/oyster_card_spec.rb": [
        1,
        null,
        1,
        14,
        2,
        8,
        6,
        null,
        1,
        1,
        1,
        null,
        null,
        null,
        1,
        1,
        1,
        null,
        null,
        1,
        1,
        1,
        null,
        null,
        1,
        2,
        null,
        null,
        null,
        1,
        1,
        1,
        1,
        1,
        null,
        null,
        1,
        1,
        1,
        1,
        null,
        null,
        null,
        1,
        1,
        1,
        null,
        null,
        1,
        1,
        1,
        1,
        null,
        null,
        null,
        null,
        1,
        1,
        2,
        null,
        null,
        1,
        1,
        1,
        null,
        null,
        null,
        1,
        1,
        1,
        1,
        null,
        null,
        1,
        4,
        null,
        null,
        1,
        1,
        1,
        1,
        null,
        null,
        null,
        null,
        1,
        1,
        1,
        1,
        null,
        null,
        null,
        1,
        2,
        null,
        null,
        1,
        2,
        null,
        null,
        null
      ],
      "/home/lewis/Repositories/Makers_Week_2/oyster_card/lib/oystercard.rb": [
        1,
        null,
        1,
        null,
        1,
        1,
        1,
        1,
        null,
        1,
        14,
        14,
        14,
        14,
        14,
        null,
        null,
        1,
        2,
        1,
        null,
        null,
        1,
        4,
        null,
        null,
        1,
        7,
        6,
        6,
        null,
        null,
        1,
        5,
        5,
        5,
        5,
        null,
        null,
        1,
        null,
        1,
        2,
        null,
        null,
        1,
        6,
        null,
        null,
        1,
        5,
        5,
        null,
        null,
        1,
        7,
        null,
        null,
        1,
        5,
        null,
        null,
        1,
        11,
        null,
        null,
        1,
        5,
        5,
        null,
        null,
        null
      ],
      "/home/lewis/Repositories/Makers_Week_2/oyster_card/spec/station_spec.rb": [
        1,
        null,
        1,
        null,
        1,
        2,
        null,
        null,
        null
      ],
      "/home/lewis/Repositories/Makers_Week_2/oyster_card/lib/station.rb": [
        1,
        null
      ]
    },
    "timestamp": 1509529694
  }
}
